[INFO ] 2019-09-06 21:53:50.261 [restartedMain] ApplicationClass - Starting ApplicationClass on DESKTOP-U7I9Q7E with PID 10480 (C:\Users\acer\git\springboothometest\HomeCredit\target\classes started by acer in C:\Users\acer\git\springboothometest\HomeCredit)
[DEBUG] 2019-09-06 21:53:50.264 [restartedMain] ApplicationClass - Running with Spring Boot v1.5.4.RELEASE, Spring v4.3.9.RELEASE
[INFO ] 2019-09-06 21:53:50.264 [restartedMain] ApplicationClass - No active profile set, falling back to default profiles: default
[INFO ] 2019-09-06 21:53:54.518 [restartedMain] ApplicationClass - Started ApplicationClass in 4.498 seconds (JVM running for 5.541)
[INFO ] 2019-09-06 21:54:58.854 [restartedMain] ApplicationClass - Starting ApplicationClass on DESKTOP-U7I9Q7E with PID 10000 (C:\Users\acer\git\springboothometest\HomeCredit\target\classes started by acer in C:\Users\acer\git\springboothometest\HomeCredit)
[DEBUG] 2019-09-06 21:54:58.859 [restartedMain] ApplicationClass - Running with Spring Boot v1.5.4.RELEASE, Spring v4.3.9.RELEASE
[INFO ] 2019-09-06 21:54:58.860 [restartedMain] ApplicationClass - No active profile set, falling back to default profiles: default
[INFO ] 2019-09-06 21:55:03.116 [restartedMain] ApplicationClass - Started ApplicationClass in 4.508 seconds (JVM running for 5.516)
[INFO ] 2019-09-06 22:00:19.776 [restartedMain] ApplicationClass - Starting ApplicationClass on DESKTOP-U7I9Q7E with PID 10000 (C:\Users\acer\git\springboothometest\HomeCredit\target\classes started by acer in C:\Users\acer\git\springboothometest\HomeCredit)
[DEBUG] 2019-09-06 22:00:19.776 [restartedMain] ApplicationClass - Running with Spring Boot v1.5.4.RELEASE, Spring v4.3.9.RELEASE
[INFO ] 2019-09-06 22:00:19.776 [restartedMain] ApplicationClass - No active profile set, falling back to default profiles: default
[INFO ] 2019-09-06 22:00:20.715 [restartedMain] ApplicationClass - Started ApplicationClass in 0.994 seconds (JVM running for 323.114)
[INFO ] 2019-09-06 22:01:56.174 [restartedMain] ApplicationClass - Starting ApplicationClass on DESKTOP-U7I9Q7E with PID 10000 (C:\Users\acer\git\springboothometest\HomeCredit\target\classes started by acer in C:\Users\acer\git\springboothometest\HomeCredit)
[DEBUG] 2019-09-06 22:01:56.174 [restartedMain] ApplicationClass - Running with Spring Boot v1.5.4.RELEASE, Spring v4.3.9.RELEASE
[INFO ] 2019-09-06 22:01:56.174 [restartedMain] ApplicationClass - No active profile set, falling back to default profiles: default
[INFO ] 2019-09-06 22:01:56.945 [restartedMain] ApplicationClass - Started ApplicationClass in 0.82 seconds (JVM running for 419.346)
[DEBUG] 2019-09-06 22:02:05.550 [http-nio-8080-exec-2] ModuleController - Hello from Log4j 2 - num : 1
[INFO ] 2019-09-06 22:05:10.909 [restartedMain] ApplicationClass - Starting ApplicationClass on DESKTOP-U7I9Q7E with PID 10000 (C:\Users\acer\git\springboothometest\HomeCredit\target\classes started by acer in C:\Users\acer\git\springboothometest\HomeCredit)
[DEBUG] 2019-09-06 22:05:10.909 [restartedMain] ApplicationClass - Running with Spring Boot v1.5.4.RELEASE, Spring v4.3.9.RELEASE
[INFO ] 2019-09-06 22:05:10.909 [restartedMain] ApplicationClass - No active profile set, falling back to default profiles: default
[INFO ] 2019-09-06 22:05:11.688 [restartedMain] ApplicationClass - Started ApplicationClass in 0.819 seconds (JVM running for 614.089)
[DEBUG] 2019-09-06 22:05:24.866 [http-nio-8080-exec-2] ModuleController - Hello from Log4j 2 - num : 1
[INFO ] 2019-09-06 22:10:27.398 [restartedMain] ApplicationClass - Starting ApplicationClass on DESKTOP-U7I9Q7E with PID 10000 (C:\Users\acer\git\springboothometest\HomeCredit\target\classes started by acer in C:\Users\acer\git\springboothometest\HomeCredit)
[DEBUG] 2019-09-06 22:10:27.398 [restartedMain] ApplicationClass - Running with Spring Boot v1.5.4.RELEASE, Spring v4.3.9.RELEASE
[INFO ] 2019-09-06 22:10:27.399 [restartedMain] ApplicationClass - No active profile set, falling back to default profiles: default
[INFO ] 2019-09-06 22:10:28.173 [restartedMain] ApplicationClass - Started ApplicationClass in 0.817 seconds (JVM running for 930.573)
[DEBUG] 2019-09-06 22:10:34.513 [http-nio-8080-exec-2] ModuleController - Hello from Log4j 2 - num : [DeptEmpDto [moduleName=Promo, moduleOrder=1], DeptEmpDto [moduleName=News, moduleOrder=2], DeptEmpDto [moduleName=FlashSale, moduleOrder=3], DeptEmpDto [moduleName=Category, moduleOrder=4], DeptEmpDto [moduleName=News, moduleOrder=5]]
[INFO ] 2019-09-06 22:11:40.544 [restartedMain] ApplicationClass - Starting ApplicationClass on DESKTOP-U7I9Q7E with PID 10000 (C:\Users\acer\git\springboothometest\HomeCredit\target\classes started by acer in C:\Users\acer\git\springboothometest\HomeCredit)
[DEBUG] 2019-09-06 22:11:40.544 [restartedMain] ApplicationClass - Running with Spring Boot v1.5.4.RELEASE, Spring v4.3.9.RELEASE
[INFO ] 2019-09-06 22:11:40.544 [restartedMain] ApplicationClass - No active profile set, falling back to default profiles: default
[INFO ] 2019-09-06 22:11:41.207 [restartedMain] ApplicationClass - Started ApplicationClass in 0.699 seconds (JVM running for 1003.621)
[INFO ] 2019-09-06 22:11:59.239 [restartedMain] ApplicationClass - Starting ApplicationClass on DESKTOP-U7I9Q7E with PID 10000 (C:\Users\acer\git\springboothometest\HomeCredit\target\classes started by acer in C:\Users\acer\git\springboothometest\HomeCredit)
[DEBUG] 2019-09-06 22:11:59.239 [restartedMain] ApplicationClass - Running with Spring Boot v1.5.4.RELEASE, Spring v4.3.9.RELEASE
[INFO ] 2019-09-06 22:11:59.239 [restartedMain] ApplicationClass - No active profile set, falling back to default profiles: default
[INFO ] 2019-09-06 22:11:59.842 [restartedMain] ApplicationClass - Started ApplicationClass in 0.65 seconds (JVM running for 1022.252)
[DEBUG] 2019-09-06 22:12:12.573 [http-nio-8080-exec-2] ModuleController - Hello 
[DEBUG] 2019-09-06 22:15:01.519 [http-nio-8080-exec-5] ModuleController - Hello 
[INFO ] 2019-09-06 22:15:35.109 [restartedMain] ApplicationClass - Starting ApplicationClass on DESKTOP-U7I9Q7E with PID 10000 (C:\Users\acer\git\springboothometest\HomeCredit\target\classes started by acer in C:\Users\acer\git\springboothometest\HomeCredit)
[DEBUG] 2019-09-06 22:15:35.109 [restartedMain] ApplicationClass - Running with Spring Boot v1.5.4.RELEASE, Spring v4.3.9.RELEASE
[INFO ] 2019-09-06 22:15:35.109 [restartedMain] ApplicationClass - No active profile set, falling back to default profiles: default
[INFO ] 2019-09-06 22:15:35.768 [restartedMain] ApplicationClass - Started ApplicationClass in 0.702 seconds (JVM running for 1238.167)
[INFO ] 2019-09-06 22:15:39.580 [restartedMain] ApplicationClass - Starting ApplicationClass on DESKTOP-U7I9Q7E with PID 10000 (C:\Users\acer\git\springboothometest\HomeCredit\target\classes started by acer in C:\Users\acer\git\springboothometest\HomeCredit)
[DEBUG] 2019-09-06 22:15:39.581 [restartedMain] ApplicationClass - Running with Spring Boot v1.5.4.RELEASE, Spring v4.3.9.RELEASE
[INFO ] 2019-09-06 22:15:39.581 [restartedMain] ApplicationClass - No active profile set, falling back to default profiles: default
[INFO ] 2019-09-06 22:15:40.144 [restartedMain] ApplicationClass - Started ApplicationClass in 0.598 seconds (JVM running for 1242.556)
[INFO ] 2019-09-06 22:15:44.927 [restartedMain] ApplicationClass - Starting ApplicationClass on DESKTOP-U7I9Q7E with PID 10000 (C:\Users\acer\git\springboothometest\HomeCredit\target\classes started by acer in C:\Users\acer\git\springboothometest\HomeCredit)
[DEBUG] 2019-09-06 22:15:44.927 [restartedMain] ApplicationClass - Running with Spring Boot v1.5.4.RELEASE, Spring v4.3.9.RELEASE
[INFO ] 2019-09-06 22:15:44.927 [restartedMain] ApplicationClass - No active profile set, falling back to default profiles: default
[INFO ] 2019-09-06 22:15:45.458 [restartedMain] ApplicationClass - Started ApplicationClass in 0.57 seconds (JVM running for 1247.859)
[INFO ] 2019-09-06 22:15:52.264 [restartedMain] ApplicationClass - Starting ApplicationClass on DESKTOP-U7I9Q7E with PID 10000 (C:\Users\acer\git\springboothometest\HomeCredit\target\classes started by acer in C:\Users\acer\git\springboothometest\HomeCredit)
[DEBUG] 2019-09-06 22:15:52.265 [restartedMain] ApplicationClass - Running with Spring Boot v1.5.4.RELEASE, Spring v4.3.9.RELEASE
[INFO ] 2019-09-06 22:15:52.265 [restartedMain] ApplicationClass - No active profile set, falling back to default profiles: default
[INFO ] 2019-09-06 22:15:52.805 [restartedMain] ApplicationClass - Started ApplicationClass in 0.585 seconds (JVM running for 1255.205)
[INFO ] 2019-09-06 22:15:57.540 [restartedMain] ApplicationClass - Starting ApplicationClass on DESKTOP-U7I9Q7E with PID 10000 (C:\Users\acer\git\springboothometest\HomeCredit\target\classes started by acer in C:\Users\acer\git\springboothometest\HomeCredit)
[DEBUG] 2019-09-06 22:15:57.540 [restartedMain] ApplicationClass - Running with Spring Boot v1.5.4.RELEASE, Spring v4.3.9.RELEASE
[INFO ] 2019-09-06 22:15:57.540 [restartedMain] ApplicationClass - No active profile set, falling back to default profiles: default
[INFO ] 2019-09-06 22:15:58.091 [restartedMain] ApplicationClass - Started ApplicationClass in 0.586 seconds (JVM running for 1260.491)
[INFO ] 2019-09-06 22:16:03.869 [restartedMain] ApplicationClass - Starting ApplicationClass on DESKTOP-U7I9Q7E with PID 10000 (C:\Users\acer\git\springboothometest\HomeCredit\target\classes started by acer in C:\Users\acer\git\springboothometest\HomeCredit)
[DEBUG] 2019-09-06 22:16:03.869 [restartedMain] ApplicationClass - Running with Spring Boot v1.5.4.RELEASE, Spring v4.3.9.RELEASE
[INFO ] 2019-09-06 22:16:03.869 [restartedMain] ApplicationClass - No active profile set, falling back to default profiles: default
[INFO ] 2019-09-06 22:16:04.420 [restartedMain] ApplicationClass - Started ApplicationClass in 0.593 seconds (JVM running for 1266.82)
[INFO ] 2019-09-06 22:26:34.104 [restartedMain] ApplicationClass - Starting ApplicationClass on DESKTOP-U7I9Q7E with PID 6124 (C:\Users\acer\git\springboothometest\HomeCredit\target\classes started by acer in C:\Users\acer\git\springboothometest\HomeCredit)
[DEBUG] 2019-09-06 22:26:34.121 [restartedMain] ApplicationClass - Running with Spring Boot v1.5.4.RELEASE, Spring v4.3.9.RELEASE
[INFO ] 2019-09-06 22:26:34.121 [restartedMain] ApplicationClass - No active profile set, falling back to default profiles: default
[INFO ] 2019-09-06 22:26:45.736 [restartedMain] ApplicationClass - Started ApplicationClass in 11.86 seconds (JVM running for 12.825)
[INFO ] 2019-09-06 22:29:31.319 [restartedMain] ApplicationClass - Starting ApplicationClass on DESKTOP-U7I9Q7E with PID 6124 (C:\Users\acer\git\springboothometest\HomeCredit\target\classes started by acer in C:\Users\acer\git\springboothometest\HomeCredit)
[DEBUG] 2019-09-06 22:29:31.319 [restartedMain] ApplicationClass - Running with Spring Boot v1.5.4.RELEASE, Spring v4.3.9.RELEASE
[INFO ] 2019-09-06 22:29:31.320 [restartedMain] ApplicationClass - No active profile set, falling back to default profiles: default
[INFO ] 2019-09-06 22:29:32.576 [restartedMain] ApplicationClass - Started ApplicationClass in 1.319 seconds (JVM running for 179.659)
[INFO ] 2019-09-07 00:35:42.687 [restartedMain] ApplicationClass - Starting ApplicationClass on DESKTOP-U7I9Q7E with PID 4204 (C:\Users\acer\git\springboothometest\HomeCredit\target\classes started by acer in C:\Users\acer\git\springboothometest\HomeCredit)
[DEBUG] 2019-09-07 00:35:42.692 [restartedMain] ApplicationClass - Running with Spring Boot v1.5.4.RELEASE, Spring v4.3.9.RELEASE
[INFO ] 2019-09-07 00:35:42.692 [restartedMain] ApplicationClass - No active profile set, falling back to default profiles: default
[INFO ] 2019-09-07 00:51:24.445 [restartedMain] ApplicationClass - Starting ApplicationClass on DESKTOP-U7I9Q7E with PID 10344 (C:\Users\acer\git\springboothometest\HomeCredit\target\classes started by acer in C:\Users\acer\git\springboothometest\HomeCredit)
[DEBUG] 2019-09-07 00:51:24.449 [restartedMain] ApplicationClass - Running with Spring Boot v1.5.4.RELEASE, Spring v4.3.9.RELEASE
[INFO ] 2019-09-07 00:51:24.449 [restartedMain] ApplicationClass - No active profile set, falling back to default profiles: default
[INFO ] 2019-09-07 00:51:32.798 [restartedMain] ApplicationClass - Started ApplicationClass in 8.62 seconds (JVM running for 11.3)
[DEBUG] 2019-09-07 00:52:05.079 [http-nio-8080-exec-1] ModuleController - Hello 
[INFO ] 2019-09-07 11:15:46.055 [restartedMain] ApplicationClass - Starting ApplicationClass on DESKTOP-U7I9Q7E with PID 5436 (C:\Users\acer\git\springboothometest\HomeCredit\target\classes started by acer in C:\Users\acer\git\springboothometest\HomeCredit)
[DEBUG] 2019-09-07 11:15:46.141 [restartedMain] ApplicationClass - Running with Spring Boot v1.5.4.RELEASE, Spring v4.3.9.RELEASE
[INFO ] 2019-09-07 11:15:46.141 [restartedMain] ApplicationClass - No active profile set, falling back to default profiles: default
[INFO ] 2019-09-07 11:15:50.770 [restartedMain] ApplicationClass - Started ApplicationClass in 4.964 seconds (JVM running for 5.958)
[INFO ] 2019-09-07 11:44:20.710 [restartedMain] ApplicationClass - Starting ApplicationClass on DESKTOP-U7I9Q7E with PID 5436 (C:\Users\acer\git\springboothometest\HomeCredit\target\classes started by acer in C:\Users\acer\git\springboothometest\HomeCredit)
[DEBUG] 2019-09-07 11:44:20.710 [restartedMain] ApplicationClass - Running with Spring Boot v1.5.4.RELEASE, Spring v4.3.9.RELEASE
[INFO ] 2019-09-07 11:44:20.710 [restartedMain] ApplicationClass - No active profile set, falling back to default profiles: default
[INFO ] 2019-09-07 11:44:21.946 [restartedMain] ApplicationClass - Started ApplicationClass in 1.306 seconds (JVM running for 1717.135)
[INFO ] 2019-09-07 11:46:18.956 [restartedMain] ApplicationClass - Starting ApplicationClass on DESKTOP-U7I9Q7E with PID 5436 (C:\Users\acer\git\springboothometest\HomeCredit\target\classes started by acer in C:\Users\acer\git\springboothometest\HomeCredit)
[DEBUG] 2019-09-07 11:46:18.956 [restartedMain] ApplicationClass - Running with Spring Boot v1.5.4.RELEASE, Spring v4.3.9.RELEASE
[INFO ] 2019-09-07 11:46:18.956 [restartedMain] ApplicationClass - No active profile set, falling back to default profiles: default
[INFO ] 2019-09-07 11:46:20.163 [restartedMain] ApplicationClass - Started ApplicationClass in 1.258 seconds (JVM running for 1835.351)
[INFO ] 2019-09-07 11:47:01.414 [restartedMain] ApplicationClass - Starting ApplicationClass on DESKTOP-U7I9Q7E with PID 5436 (C:\Users\acer\git\springboothometest\HomeCredit\target\classes started by acer in C:\Users\acer\git\springboothometest\HomeCredit)
[DEBUG] 2019-09-07 11:47:01.415 [restartedMain] ApplicationClass - Running with Spring Boot v1.5.4.RELEASE, Spring v4.3.9.RELEASE
[INFO ] 2019-09-07 11:47:01.415 [restartedMain] ApplicationClass - No active profile set, falling back to default profiles: default
[INFO ] 2019-09-07 11:47:02.508 [restartedMain] ApplicationClass - Started ApplicationClass in 1.138 seconds (JVM running for 1877.696)
[DEBUG] 2019-09-07 12:03:45.631 [http-nio-8080-exec-2] ModuleController - Hello 
[INFO ] 2019-09-07 12:05:05.274 [restartedMain] ApplicationClass - Starting ApplicationClass on DESKTOP-U7I9Q7E with PID 10868 (C:\Users\acer\git\springboothometest\HomeCredit\target\classes started by acer in C:\Users\acer\git\springboothometest\HomeCredit)
[DEBUG] 2019-09-07 12:05:05.274 [restartedMain] ApplicationClass - Running with Spring Boot v1.5.4.RELEASE, Spring v4.3.9.RELEASE
[INFO ] 2019-09-07 12:05:05.274 [restartedMain] ApplicationClass - No active profile set, falling back to default profiles: default
[INFO ] 2019-09-07 12:05:10.855 [restartedMain] ApplicationClass - Started ApplicationClass in 5.84 seconds (JVM running for 6.945)
[INFO ] 2019-09-07 12:08:59.851 [restartedMain] ApplicationClass - Starting ApplicationClass on DESKTOP-U7I9Q7E with PID 10868 (C:\Users\acer\git\springboothometest\HomeCredit\target\classes started by acer in C:\Users\acer\git\springboothometest\HomeCredit)
[DEBUG] 2019-09-07 12:08:59.851 [restartedMain] ApplicationClass - Running with Spring Boot v1.5.4.RELEASE, Spring v4.3.9.RELEASE
[INFO ] 2019-09-07 12:08:59.851 [restartedMain] ApplicationClass - No active profile set, falling back to default profiles: default
[INFO ] 2019-09-07 12:09:01.154 [restartedMain] ApplicationClass - Started ApplicationClass in 1.365 seconds (JVM running for 237.244)
[INFO ] 2019-09-07 12:09:15.124 [restartedMain] ApplicationClass - Starting ApplicationClass on DESKTOP-U7I9Q7E with PID 10868 (C:\Users\acer\git\springboothometest\HomeCredit\target\classes started by acer in C:\Users\acer\git\springboothometest\HomeCredit)
[DEBUG] 2019-09-07 12:09:15.124 [restartedMain] ApplicationClass - Running with Spring Boot v1.5.4.RELEASE, Spring v4.3.9.RELEASE
[INFO ] 2019-09-07 12:09:15.124 [restartedMain] ApplicationClass - No active profile set, falling back to default profiles: default
[INFO ] 2019-09-07 12:09:16.195 [restartedMain] ApplicationClass - Started ApplicationClass in 1.121 seconds (JVM running for 252.284)
[INFO ] 2019-09-07 12:11:27.395 [restartedMain] ApplicationClass - Starting ApplicationClass on DESKTOP-U7I9Q7E with PID 10868 (C:\Users\acer\git\springboothometest\HomeCredit\target\classes started by acer in C:\Users\acer\git\springboothometest\HomeCredit)
[DEBUG] 2019-09-07 12:11:27.395 [restartedMain] ApplicationClass - Running with Spring Boot v1.5.4.RELEASE, Spring v4.3.9.RELEASE
[INFO ] 2019-09-07 12:11:27.395 [restartedMain] ApplicationClass - No active profile set, falling back to default profiles: default
[INFO ] 2019-09-07 12:11:28.510 [restartedMain] ApplicationClass - Started ApplicationClass in 1.158 seconds (JVM running for 384.599)
[DEBUG] 2019-09-07 12:11:43.234 [http-nio-8080-exec-5] ModuleController - Hello 
[INFO ] 2019-09-07 12:12:19.915 [restartedMain] ApplicationClass - Starting ApplicationClass on DESKTOP-U7I9Q7E with PID 10868 (C:\Users\acer\git\springboothometest\HomeCredit\target\classes started by acer in C:\Users\acer\git\springboothometest\HomeCredit)
[DEBUG] 2019-09-07 12:12:19.915 [restartedMain] ApplicationClass - Running with Spring Boot v1.5.4.RELEASE, Spring v4.3.9.RELEASE
[INFO ] 2019-09-07 12:12:19.915 [restartedMain] ApplicationClass - No active profile set, falling back to default profiles: default
[INFO ] 2019-09-07 12:12:20.924 [restartedMain] ApplicationClass - Started ApplicationClass in 1.052 seconds (JVM running for 437.013)
